d:\cg_ufpel\cg_ufpel\saida\debug\cg_ufpel.lib
d:\cg_ufpel\cg_ufpel\saida\debug\cg_ufpel.exp
d:\cg_ufpel\cg_ufpel\saida\cg_ufpel.dir\debug\vc140.pdb
d:\cg_ufpel\cg_ufpel\saida\cg_ufpel.dir\debug\glerror.obj
d:\cg_ufpel\cg_ufpel\saida\cg_ufpel.dir\debug\vboindexer.obj
d:\cg_ufpel\cg_ufpel\saida\cg_ufpel.dir\debug\texture.obj
d:\cg_ufpel\cg_ufpel\saida\cg_ufpel.dir\debug\text2d.obj
d:\cg_ufpel\cg_ufpel\saida\cg_ufpel.dir\debug\tangentspace.obj
d:\cg_ufpel\cg_ufpel\saida\cg_ufpel.dir\debug\shader.obj
d:\cg_ufpel\cg_ufpel\saida\cg_ufpel.dir\debug\quaternion_utils.obj
d:\cg_ufpel\cg_ufpel\saida\cg_ufpel.dir\debug\objloader.obj
d:\cg_ufpel\cg_ufpel\saida\cg_ufpel.dir\debug\main.obj
d:\cg_ufpel\cg_ufpel\saida\cg_ufpel.dir\debug\controls.obj
d:\cg_ufpel\cg_ufpel\saida\cmakefiles\generate.stamp
d:\cg_ufpel\cg_ufpel\saida\debug\cg_ufpel.ilk
d:\cg_ufpel\cg_ufpel\saida\debug\cg_ufpel.exe
d:\cg_ufpel\cg_ufpel\saida\debug\cg_ufpel.pdb
d:\cg_ufpel\cg_ufpel\saida\cg_ufpel.dir\debug\cg_ufpel.tlog\cg_ufpel.write.1u.tlog
d:\cg_ufpel\cg_ufpel\saida\cg_ufpel.dir\debug\cg_ufpel.tlog\cl.command.1.tlog
d:\cg_ufpel\cg_ufpel\saida\cg_ufpel.dir\debug\cg_ufpel.tlog\cl.read.1.tlog
d:\cg_ufpel\cg_ufpel\saida\cg_ufpel.dir\debug\cg_ufpel.tlog\cl.write.1.tlog
d:\cg_ufpel\cg_ufpel\saida\cg_ufpel.dir\debug\cg_ufpel.tlog\custombuild.command.1.tlog
d:\cg_ufpel\cg_ufpel\saida\cg_ufpel.dir\debug\cg_ufpel.tlog\custombuild.read.1.tlog
d:\cg_ufpel\cg_ufpel\saida\cg_ufpel.dir\debug\cg_ufpel.tlog\custombuild.write.1.tlog
d:\cg_ufpel\cg_ufpel\saida\cg_ufpel.dir\debug\cg_ufpel.tlog\link.command.1.tlog
d:\cg_ufpel\cg_ufpel\saida\cg_ufpel.dir\debug\cg_ufpel.tlog\link.read.1.tlog
d:\cg_ufpel\cg_ufpel\saida\cg_ufpel.dir\debug\cg_ufpel.tlog\link.write.1.tlog
