d:\cg_ufpel\cg_ufpel\saida\debug\cg_ufpel.lib
d:\cg_ufpel\cg_ufpel\saida\debug\cg_ufpel.exp
d:\cg_ufpel\cg_ufpel\saida\cmakefiles\vc140.pdb
d:\cg_ufpel\cg_ufpel\saida\cmakefiles\glerror.obj
d:\cg_ufpel\cg_ufpel\saida\cmakefiles\vboindexer.obj
d:\cg_ufpel\cg_ufpel\saida\cmakefiles\texture.obj
d:\cg_ufpel\cg_ufpel\saida\cmakefiles\text2d.obj
d:\cg_ufpel\cg_ufpel\saida\cmakefiles\tangentspace.obj
d:\cg_ufpel\cg_ufpel\saida\cmakefiles\shader.obj
d:\cg_ufpel\cg_ufpel\saida\cmakefiles\quaternion_utils.obj
d:\cg_ufpel\cg_ufpel\saida\cmakefiles\objloader.obj
d:\cg_ufpel\cg_ufpel\saida\cmakefiles\main.obj
d:\cg_ufpel\cg_ufpel\saida\cmakefiles\controls.obj
d:\cg_ufpel\cg_ufpel\saida\cmakefiles\meshsimplification.obj
d:\cg_ufpel\cg_ufpel\saida\cmakefiles\mesh.obj
d:\cg_ufpel\cg_ufpel\saida\cmakefiles\generate.stamp
d:\cg_ufpel\cg_ufpel\cg_ufpel.ilk
d:\cg_ufpel\cg_ufpel\cg_ufpel.exe
d:\cg_ufpel\cg_ufpel\saida\debug\cg_ufpel.pdb
d:\cg_ufpel\cg_ufpel\saida\cmakefiles\cg_ufpel.vcxprojresolveassemblyreference.cache
d:\cg_ufpel\cg_ufpel\saida\..\cg_ufpel.exe
d:\cg_ufpel\cg_ufpel\saida\cmakefiles\cg_ufpel.tlog\cg_ufpel.write.1u.tlog
d:\cg_ufpel\cg_ufpel\saida\cmakefiles\cg_ufpel.tlog\cl.command.1.tlog
d:\cg_ufpel\cg_ufpel\saida\cmakefiles\cg_ufpel.tlog\cl.read.1.tlog
d:\cg_ufpel\cg_ufpel\saida\cmakefiles\cg_ufpel.tlog\cl.write.1.tlog
d:\cg_ufpel\cg_ufpel\saida\cmakefiles\cg_ufpel.tlog\custombuild.command.1.tlog
d:\cg_ufpel\cg_ufpel\saida\cmakefiles\cg_ufpel.tlog\custombuild.read.1.tlog
d:\cg_ufpel\cg_ufpel\saida\cmakefiles\cg_ufpel.tlog\custombuild.write.1.tlog
d:\cg_ufpel\cg_ufpel\saida\cmakefiles\cg_ufpel.tlog\link.command.1.tlog
d:\cg_ufpel\cg_ufpel\saida\cmakefiles\cg_ufpel.tlog\link.read.1.tlog
d:\cg_ufpel\cg_ufpel\saida\cmakefiles\cg_ufpel.tlog\link.write.1.tlog
